<?xml version="1.0" encoding="UTF-8"?>
<testng-results skipped="0" failed="0" total="1" passed="1">
  <reporter-output>
  </reporter-output>
  <suite name="com.org.learningMaven.HelloWorldTest" duration-ms="47858" started-at="2018-03-03T22:30:35Z" finished-at="2018-03-03T22:31:23Z">
    <groups>
    </groups>
    <test name="Command line test" duration-ms="47858" started-at="2018-03-03T22:30:35Z" finished-at="2018-03-03T22:31:23Z">
      <class name="com.org.learningMaven.HelloWorldTest">
        <test-method status="PASS" signature="Login()[pri:0, instance:com.org.learningMaven.HelloWorldTest@cf57e3]" name="Login" duration-ms="47827" started-at="2018-03-03T19:30:35Z" finished-at="2018-03-03T19:31:23Z">
          <reporter-output>
          </reporter-output>
        </test-method> <!-- Login -->
      </class> <!-- com.org.learningMaven.HelloWorldTest -->
    </test> <!-- Command line test -->
  </suite> <!-- com.org.learningMaven.HelloWorldTest -->
</testng-results>
