<?xml version="1.0" encoding="UTF-8"?>
<testng-results skipped="0" failed="0" ignored="0" total="1" passed="1">
  <reporter-output>
  </reporter-output>
  <suite name="Default suite" duration-ms="42422" started-at="2018-02-27T01:54:44Z" finished-at="2018-02-27T01:55:27Z">
    <groups>
    </groups>
    <test name="Default test" duration-ms="42422" started-at="2018-02-27T01:54:44Z" finished-at="2018-02-27T01:55:27Z">
      <class name="com.org.learningMaven.HelloWorldTest">
        <test-method status="PASS" signature="Login()[pri:0, instance:com.org.learningMaven.HelloWorldTest@19c0f4a]" name="Login" duration-ms="42382" started-at="2018-02-26T22:54:44Z" finished-at="2018-02-26T22:55:27Z">
          <reporter-output>
          </reporter-output>
        </test-method> <!-- Login -->
      </class> <!-- com.org.learningMaven.HelloWorldTest -->
    </test> <!-- Default test -->
  </suite> <!-- Default suite -->
</testng-results>
